<?xml version="1.0" encoding="UTF-8"?>
<!-- Generated by org.testng.reporters.JUnitReportReporter -->
<testsuite hostname="Chaya-TS-0025.local" failures="0" tests="1" name="testScripts.FlipkartProductTest" time="18.686" errors="0" timestamp="2022-03-19T15:17:42 IST" skipped="0">
  <testcase classname="testScripts.FlipkartProductTest" name="firstTestCase" time="18.686"/>
</testsuite> <!-- testScripts.FlipkartProductTest -->
