<?xml version="1.0" encoding="UTF-8"?>
<!-- Generated by org.testng.reporters.JUnitReportReporter -->
<testsuite hostname="Chaya-TS-0025.local" failures="0" tests="1" name="testScripts.PriceComparisionTest" time="54.573" errors="0" timestamp="2022-03-19T15:18:59 IST" skipped="0">
  <testcase classname="testScripts.PriceComparisionTest" name="secondTestCase" time="54.573"/>
</testsuite> <!-- testScripts.PriceComparisionTest -->
